<?xml version="1.0" encoding="UTF-8"?>
<testsuite name="pl.edu.agh.cw.SimpleStrategyTests" tests="2" skipped="0" failures="0" errors="0" timestamp="2014-12-14T16:53:48" hostname="Simp-Komputer" time="0.157">
  <properties/>
  <testcase name="generateSimpleStrategyCrossword_emptyDatabase_FailedToGenerateCrosswordExceptionThrown" classname="pl.edu.agh.cw.SimpleStrategyTests" time="0.001"/>
  <testcase name="generateSimpleStrategyCrossword_1x1Size_FailedToGenerateCrosswordExceptionThrown" classname="pl.edu.agh.cw.SimpleStrategyTests" time="0.155"/>
  <system-out><![CDATA[]]></system-out>
  <system-err><![CDATA[]]></system-err>
</testsuite>
